<?xml version="1.0" encoding="UTF-8"?>
<!-- Generated by org.testng.reporters.JUnitReportReporter -->
<testsuite skipped="0" hostname="LAPTOP-V2OLUBP4" name="com.ebay.createaccount.test.Ebay_accountTest" tests="1" failures="0" timestamp="28 Jun 2019 13:32:19 GMT" time="6.791" errors="0">
  <testcase name="ebay" time="6.791" classname="com.ebay.createaccount.test.Ebay_accountTest"/>
</testsuite> <!-- com.ebay.createaccount.test.Ebay_accountTest -->
