<?xml version="1.0" encoding="UTF-8"?>
<!-- Generated by org.testng.reporters.JUnitReportReporter -->
<testsuite skipped="0" hostname="LAPTOP-V2OLUBP4" name="com.netflix.testcase.NetflixTest" tests="1" failures="0" timestamp="28 Jun 2019 20:38:39 GMT" time="14.671" errors="0">
  <testcase name="netflixSignInVerification" time="14.671" classname="com.netflix.testcase.NetflixTest"/>
</testsuite> <!-- com.netflix.testcase.NetflixTest -->
