<?xml version="1.0" encoding="UTF-8"?>
<!-- Generated by org.testng.reporters.JUnitReportReporter -->
<testsuite skipped="0" hostname="LAPTOP-V2OLUBP4" name="com.ebay.createaccount.test.EbayMvnCreatAccHRun" tests="1" failures="0" timestamp="28 Jun 2019 13:18:02 GMT" time="14.370" errors="0">
  <testcase name="run" time="14.370" classname="com.ebay.createaccount.test.EbayMvnCreatAccHRun"/>
</testsuite> <!-- com.ebay.createaccount.test.EbayMvnCreatAccHRun -->
