<?xml version="1.0" encoding="UTF-8"?>
<!-- Generated by org.testng.reporters.JUnitReportReporter -->
<testsuite skipped="0" hostname="LAPTOP-V2OLUBP4" name="com.wordpress.login.test.NewTest_WordPressTest" tests="1" failures="0" timestamp="28 Jun 2019 13:51:54 GMT" time="3.056" errors="0">
  <testcase name="verifyValidLogin" time="3.056" classname="com.wordpress.login.test.NewTest_WordPressTest"/>
</testsuite> <!-- com.wordpress.login.test.NewTest_WordPressTest -->
