<?xml version="1.0" encoding="UTF-8"?>
<!-- Generated by org.testng.reporters.JUnitReportReporter -->
<testsuite skipped="0" hostname="LAPTOP-V2OLUBP4" name="com.maven.test.FacebookLogIn" tests="4" failures="0" timestamp="16 Jun 2019 07:10:27 GMT" time="0.016" errors="0">
  <testcase name="sum" time="0.016" classname="com.maven.test.FacebookLogIn"/>
  <testcase name="sub" time="0.000" classname="com.maven.test.FacebookLogIn"/>
  <testcase name="multi" time="0.000" classname="com.maven.test.FacebookLogIn"/>
  <testcase name="div" time="0.000" classname="com.maven.test.FacebookLogIn"/>
</testsuite> <!-- com.maven.test.FacebookLogIn -->
