<?xml version="1.0" encoding="UTF-8"?>
<!-- Generated by org.testng.reporters.JUnitReportReporter -->
<testsuite skipped="0" hostname="LAPTOP-V2OLUBP4" name="com.maven.test.ChemTest" tests="2" failures="0" timestamp="18 Jun 2019 04:46:50 GMT" time="0.005" errors="0">
  <testcase name="multi" time="0.004" classname="com.maven.test.ChemTest"/>
  <testcase name="div" time="0.001" classname="com.maven.test.ChemTest"/>
</testsuite> <!-- com.maven.test.ChemTest -->
