<?xml version="1.0" encoding="UTF-8"?>
<!-- Generated by org.testng.reporters.JUnitReportReporter -->
<testsuite skipped="0" hostname="LAPTOP-V2OLUBP4" name="captureScreenShot.facebookmvn" tests="1" failures="0" timestamp="28 Jun 2019 09:57:55 GMT" time="5.860" errors="0">
  <testcase name="FBTestCase" time="5.860" classname="captureScreenShot.facebookmvn"/>
</testsuite> <!-- captureScreenShot.facebookmvn -->
