<?xml version="1.0" encoding="UTF-8"?>
<!-- Generated by org.testng.reporters.JUnitReportReporter -->
<testsuite skipped="0" hostname="LAPTOP-V2OLUBP4" name="com.maven.test.ComputerTest" tests="2" failures="0" timestamp="18 Jun 2019 04:46:50 GMT" time="0.002" errors="0">
  <testcase name="sum" time="0.001" classname="com.maven.test.ComputerTest"/>
  <testcase name="sub" time="0.001" classname="com.maven.test.ComputerTest"/>
</testsuite> <!-- com.maven.test.ComputerTest -->
