<?xml version="1.0" encoding="UTF-8"?>
<!-- Generated by org.testng.reporters.JUnitReportReporter -->
<testsuite skipped="0" hostname="LAPTOP-V2OLUBP4" name="captureScreenShot.FBScreenshot" tests="1" failures="0" timestamp="24 Jun 2019 16:00:02 GMT" time="2.536" errors="0">
  <testcase name="abc" time="2.536" classname="captureScreenShot.FBScreenshot"/>
</testsuite> <!-- captureScreenShot.FBScreenshot -->
