<?xml version="1.0" encoding="UTF-8"?>
<!-- Generated by org.testng.reporters.JUnitReportReporter -->
<testsuite skipped="0" hostname="LAPTOP-V2OLUBP4" name="com.com.ebay_account.Ebay_accountTest" tests="1" failures="0" timestamp="21 Jun 2019 18:58:57 GMT" time="8.808" errors="0">
  <testcase name="ebayignIn" time="8.808" classname="com.com.ebay_account.Ebay_accountTest"/>
</testsuite> <!-- com.com.ebay_account.Ebay_accountTest -->
