<?xml version="1.0" encoding="UTF-8"?>
<!-- Generated by org.testng.reporters.JUnitReportReporter -->
<testsuite skipped="0" hostname="LAPTOP-V2OLUBP4" name="com.com.ebay_account.Ebay_accountTest" tests="2" failures="0" timestamp="21 Jun 2019 21:20:02 GMT" time="13.906" errors="0">
  <testcase name="ebaylogIn" time="7.941" classname="com.com.ebay_account.Ebay_accountTest"/>
  <testcase name="ebaysignIn" time="5.965" classname="com.com.ebay_account.Ebay_accountTest"/>
</testsuite> <!-- com.com.ebay_account.Ebay_accountTest -->
