<?xml version="1.0" encoding="UTF-8"?>
<!-- Generated by org.testng.reporters.JUnitReportReporter -->
<testsuite skipped="0" hostname="LAPTOP-V2OLUBP4" name="pageObjectModel.NewTest_WordPressTest" tests="1" failures="0" timestamp="28 Jun 2019 13:43:09 GMT" time="7.541" errors="0">
  <testcase name="verifyValidLogin" time="7.541" classname="pageObjectModel.NewTest_WordPressTest"/>
</testsuite> <!-- pageObjectModel.NewTest_WordPressTest -->
