<?xml version="1.0" encoding="UTF-8"?>
<!-- Generated by org.testng.reporters.JUnitReportReporter -->
<testsuite skipped="0" hostname="LAPTOP-V2OLUBP4" name="frameworkDemo.NewTest_Amazon" tests="1" failures="0" timestamp="03 Jun 2019 23:23:29 GMT" time="3.801" errors="0">
  <testcase name="f" time="3.801" classname="frameworkDemo.NewTest_Amazon"/>
</testsuite> <!-- frameworkDemo.NewTest_Amazon -->
