<?xml version="1.0" encoding="UTF-8"?>
<!-- Generated by org.testng.reporters.JUnitReportReporter -->
<testsuite skipped="0" hostname="LAPTOP-V2OLUBP4" name="com_DataProvider.NewTest_FBBirthDate" tests="6" failures="0" timestamp="08 Jun 2019 17:10:01 GMT" time="42.431" errors="0">
  <testcase name="f" time="6.904" classname="com_DataProvider.NewTest_FBBirthDate"/>
  <testcase name="f" time="7.432" classname="com_DataProvider.NewTest_FBBirthDate"/>
  <testcase name="f" time="7.250" classname="com_DataProvider.NewTest_FBBirthDate"/>
  <testcase name="f" time="7.085" classname="com_DataProvider.NewTest_FBBirthDate"/>
  <testcase name="f" time="6.849" classname="com_DataProvider.NewTest_FBBirthDate"/>
  <testcase name="f" time="6.911" classname="com_DataProvider.NewTest_FBBirthDate"/>
</testsuite> <!-- com_DataProvider.NewTest_FBBirthDate -->
