<?xml version="1.0" encoding="UTF-8"?>
<!-- Generated by org.testng.reporters.JUnitReportReporter -->
<testsuite skipped="0" hostname="LAPTOP-V2OLUBP4" name="com_DataProvider.NewTest_FBBirthDate_YearTest" tests="3" failures="0" timestamp="28 Jun 2019 11:11:39 GMT" time="18.939" errors="0">
  <testcase name="f" time="6.270" classname="com_DataProvider.NewTest_FBBirthDate_YearTest"/>
  <testcase name="f" time="6.347" classname="com_DataProvider.NewTest_FBBirthDate_YearTest"/>
  <testcase name="f" time="6.322" classname="com_DataProvider.NewTest_FBBirthDate_YearTest"/>
</testsuite> <!-- com_DataProvider.NewTest_FBBirthDate_YearTest -->
