<?xml version="1.0" encoding="UTF-8"?>
<!-- Generated by org.testng.reporters.JUnitReportReporter -->
<testsuite skipped="0" hostname="LAPTOP-V2OLUBP4" name="pageObjectModel.NewTest" tests="1" failures="0" timestamp="03 Jun 2019 22:29:44 GMT" time="7.782" errors="0">
  <testcase name="f" time="7.782" classname="pageObjectModel.NewTest"/>
</testsuite> <!-- pageObjectModel.NewTest -->
