<?xml version="1.0" encoding="UTF-8"?>
<!-- Generated by org.testng.reporters.JUnitReportReporter -->
<testsuite skipped="0" hostname="LAPTOP-V2OLUBP4" name="com_DataProvider.NewTest_FBTwoDimTest" tests="3" failures="0" timestamp="28 Jun 2019 11:09:49 GMT" time="13.233" errors="0">
  <testcase name="f" time="4.456" classname="com_DataProvider.NewTest_FBTwoDimTest"/>
  <testcase name="f" time="4.404" classname="com_DataProvider.NewTest_FBTwoDimTest"/>
  <testcase name="f" time="4.373" classname="com_DataProvider.NewTest_FBTwoDimTest"/>
</testsuite> <!-- com_DataProvider.NewTest_FBTwoDimTest -->
