<?xml version="1.0" encoding="UTF-8"?>
<!-- Generated by org.testng.reporters.JUnitReportReporter -->
<testsuite skipped="0" hostname="LAPTOP-V2OLUBP4" name="com_DataProvider.NewTest_FBAcountTest" tests="3" failures="0" timestamp="09 Jun 2019 06:57:10 GMT" time="24.581" errors="0">
  <testcase name="f" time="8.063" classname="com_DataProvider.NewTest_FBAcountTest"/>
  <testcase name="f" time="8.227" classname="com_DataProvider.NewTest_FBAcountTest"/>
  <testcase name="f" time="8.291" classname="com_DataProvider.NewTest_FBAcountTest"/>
</testsuite> <!-- com_DataProvider.NewTest_FBAcountTest -->
