<?xml version="1.0" encoding="UTF-8"?>
<!-- Generated by org.testng.reporters.JUnitReportReporter -->
<testsuite skipped="0" hostname="LAPTOP-V2OLUBP4" name="com_DataProvider.NewTest_KaldisHomePageTest" tests="5" failures="0" timestamp="28 Jun 2019 11:19:29 GMT" time="12.048" errors="0">
  <testcase name="f" time="2.406" classname="com_DataProvider.NewTest_KaldisHomePageTest"/>
  <testcase name="f" time="2.390" classname="com_DataProvider.NewTest_KaldisHomePageTest"/>
  <testcase name="f" time="2.361" classname="com_DataProvider.NewTest_KaldisHomePageTest"/>
  <testcase name="f" time="2.509" classname="com_DataProvider.NewTest_KaldisHomePageTest"/>
  <testcase name="f" time="2.382" classname="com_DataProvider.NewTest_KaldisHomePageTest"/>
</testsuite> <!-- com_DataProvider.NewTest_KaldisHomePageTest -->
