<?xml version="1.0" encoding="UTF-8"?>
<!-- Generated by org.testng.reporters.JUnitReportReporter -->
<testsuite skipped="0" hostname="LAPTOP-V2OLUBP4" name="pageObjectModel.NewTest_TestCaseByClassLogIn" tests="1" failures="0" timestamp="14 Jun 2019 23:26:50 GMT" time="9.328" errors="0">
  <testcase name="verifylogIn" time="9.328" classname="pageObjectModel.NewTest_TestCaseByClassLogIn"/>
</testsuite> <!-- pageObjectModel.NewTest_TestCaseByClassLogIn -->
