<?xml version="1.0" encoding="UTF-8"?>
<!-- Generated by org.testng.reporters.JUnitReportReporter -->
<testsuite skipped="0" hostname="LAPTOP-V2OLUBP4" name="ExcelDataProviderDemo.facebookMonthDayYear" tests="3" failures="0" timestamp="14 Jun 2019 06:46:40 GMT" time="7.244" errors="0">
  <testcase name="f" time="2.396" classname="ExcelDataProviderDemo.facebookMonthDayYear"/>
  <testcase name="f" time="2.475" classname="ExcelDataProviderDemo.facebookMonthDayYear"/>
  <testcase name="f" time="2.373" classname="ExcelDataProviderDemo.facebookMonthDayYear"/>
</testsuite> <!-- ExcelDataProviderDemo.facebookMonthDayYear -->
