<?xml version="1.0" encoding="UTF-8"?>
<!-- Generated by org.testng.reporters.JUnitReportReporter -->
<testsuite skipped="0" hostname="LAPTOP-V2OLUBP4" name="pageObjectModel.NewTest_BestBuyTestCase" tests="2" failures="0" timestamp="12 Jun 2019 20:36:21 GMT" time="29.446" errors="0">
  <testcase name="verifydate" time="12.967" classname="pageObjectModel.NewTest_BestBuyTestCase"/>
  <testcase name="verifychatting" time="16.479" classname="pageObjectModel.NewTest_BestBuyTestCase"/>
</testsuite> <!-- pageObjectModel.NewTest_BestBuyTestCase -->
