<?xml version="1.0" encoding="UTF-8"?>
<!-- Generated by org.testng.reporters.JUnitReportReporter -->
<testsuite skipped="0" hostname="LAPTOP-V2OLUBP4" name="com_DataProvider.NewTest_SpiceJetLogInTest" tests="1" failures="0" timestamp="12 Jun 2019 02:36:08 GMT" time="9.769" errors="0">
  <testcase name="f" time="9.769" classname="com_DataProvider.NewTest_SpiceJetLogInTest"/>
</testsuite> <!-- com_DataProvider.NewTest_SpiceJetLogInTest -->
