<?xml version="1.0" encoding="UTF-8"?>
<!-- Generated by org.testng.reporters.JUnitReportReporter -->
<testsuite skipped="0" hostname="LAPTOP-V2OLUBP4" name="pageObjectModel.NewTest_TestCaseClass" tests="1" failures="0" timestamp="03 Jun 2019 22:42:21 GMT" time="7.895" errors="0">
  <testcase name="verifylogIn" time="7.895" classname="pageObjectModel.NewTest_TestCaseClass"/>
</testsuite> <!-- pageObjectModel.NewTest_TestCaseClass -->
