<?xml version="1.0" encoding="UTF-8"?>
<!-- Generated by org.testng.reporters.JUnitReportReporter -->
<testsuite skipped="0" hostname="LAPTOP-V2OLUBP4" name="com.testNGDemo.NewTest_testNGOrder_Test" tests="2" failures="0" timestamp="13 Jun 2019 01:37:08 GMT" time="0.004" errors="0">
  <testcase name="verifytestorder1" time="0.003" classname="com.testNGDemo.NewTest_testNGOrder_Test"/>
  <testcase name="verifytestorder2" time="0.001" classname="com.testNGDemo.NewTest_testNGOrder_Test"/>
</testsuite> <!-- com.testNGDemo.NewTest_testNGOrder_Test -->
