<?xml version="1.0" encoding="UTF-8"?>
<!-- Generated by org.testng.reporters.JUnitReportReporter -->
<testsuite skipped="0" hostname="LAPTOP-V2OLUBP4" name="frameworkDemo.NewTest_passwd" tests="1" failures="0" timestamp="02 Jun 2019 18:10:40 GMT" time="5.544" errors="0">
  <testcase name="f" time="5.544" classname="frameworkDemo.NewTest_passwd"/>
</testsuite> <!-- frameworkDemo.NewTest_passwd -->
