<?xml version="1.0" encoding="UTF-8"?>
<!-- Generated by org.testng.reporters.JUnitReportReporter -->
<testsuite skipped="0" hostname="LAPTOP-V2OLUBP4" name="com_DataProvider.NewTest_FBAccountTest" tests="3" failures="0" timestamp="14 Jun 2019 00:27:05 GMT" time="6.099" errors="0">
  <testcase name="facebookAccount" time="1.904" classname="com_DataProvider.NewTest_FBAccountTest"/>
  <testcase name="facebookAccount" time="2.452" classname="com_DataProvider.NewTest_FBAccountTest"/>
  <testcase name="facebookAccount" time="1.743" classname="com_DataProvider.NewTest_FBAccountTest"/>
</testsuite> <!-- com_DataProvider.NewTest_FBAccountTest -->
