<?xml version="1.0" encoding="UTF-8"?>
<!-- Generated by org.testng.reporters.JUnitReportReporter -->
<testsuite skipped="0" hostname="LAPTOP-V2OLUBP4" name="com.testNGDemo.NewTest_InvocationCountTest" tests="7" failures="0" timestamp="13 Jun 2019 01:35:33 GMT" time="0.011" errors="0">
  <testcase name="sum" time="0.001" classname="com.testNGDemo.NewTest_InvocationCountTest"/>
  <testcase name="sum" time="0.001" classname="com.testNGDemo.NewTest_InvocationCountTest"/>
  <testcase name="sum" time="0.000" classname="com.testNGDemo.NewTest_InvocationCountTest"/>
  <testcase name="sum" time="0.006" classname="com.testNGDemo.NewTest_InvocationCountTest"/>
  <testcase name="sum" time="0.001" classname="com.testNGDemo.NewTest_InvocationCountTest"/>
  <testcase name="sum" time="0.001" classname="com.testNGDemo.NewTest_InvocationCountTest"/>
  <testcase name="sum" time="0.001" classname="com.testNGDemo.NewTest_InvocationCountTest"/>
</testsuite> <!-- com.testNGDemo.NewTest_InvocationCountTest -->
