<?xml version="1.0" encoding="UTF-8"?>
<!-- Generated by org.testng.reporters.JUnitReportReporter -->
<testsuite skipped="0" hostname="LAPTOP-V2OLUBP4" name="ExcelUtility.FacebookExcelData" tests="3" failures="0" timestamp="14 Jun 2019 05:29:38 GMT" time="6.640" errors="0">
  <testcase name="facebookAccount" time="2.149" classname="ExcelUtility.FacebookExcelData"/>
  <testcase name="facebookAccount" time="2.330" classname="ExcelUtility.FacebookExcelData"/>
  <testcase name="facebookAccount" time="2.161" classname="ExcelUtility.FacebookExcelData"/>
</testsuite> <!-- ExcelUtility.FacebookExcelData -->
