<?xml version="1.0" encoding="UTF-8"?>
<!-- Generated by org.testng.reporters.JUnitReportReporter -->
<testsuite skipped="0" hostname="LAPTOP-V2OLUBP4" name="com.testNG_Demo.NewTest_testNG_Test" tests="2" failures="0" timestamp="12 Jun 2019 00:07:28 GMT" time="0.005" errors="0">
  <testcase name="verifytestorder1" time="0.004" classname="com.testNG_Demo.NewTest_testNG_Test"/>
  <testcase name="verifytestorder2" time="0.001" classname="com.testNG_Demo.NewTest_testNG_Test"/>
</testsuite> <!-- com.testNG_Demo.NewTest_testNG_Test -->
