<?xml version="1.0" encoding="UTF-8"?>
<!-- Generated by org.testng.reporters.JUnitReportReporter -->
<testsuite skipped="0" hostname="LAPTOP-V2OLUBP4" name="com_DataProvider.NewTest_FBAccountTest" tests="3" failures="0" timestamp="28 Jun 2019 10:59:13 GMT" time="5.145" errors="0">
  <testcase name="facebookAccount" time="1.796" classname="com_DataProvider.NewTest_FBAccountTest"/>
  <testcase name="facebookAccount" time="1.741" classname="com_DataProvider.NewTest_FBAccountTest"/>
  <testcase name="facebookAccount" time="1.608" classname="com_DataProvider.NewTest_FBAccountTest"/>
</testsuite> <!-- com_DataProvider.NewTest_FBAccountTest -->
