<?xml version="1.0" encoding="UTF-8"?>
<!-- Generated by org.testng.reporters.JUnitReportReporter -->
<testsuite skipped="0" hostname="LAPTOP-V2OLUBP4" name="June12.NewTest_June12Test" tests="1" failures="0" timestamp="13 Jun 2019 03:42:18 GMT" time="7.186" errors="0">
  <testcase name="f" time="7.186" classname="June12.NewTest_June12Test"/>
</testsuite> <!-- June12.NewTest_June12Test -->
