<?xml version="1.0" encoding="UTF-8"?>
<!-- Generated by org.testng.reporters.JUnitReportReporter -->
<testsuite skipped="0" hostname="LAPTOP-V2OLUBP4" name="com.testNG_Demo.NewTest_GoogleTest" tests="3" failures="0" timestamp="12 Jun 2019 01:02:19 GMT" time="13.553" errors="0">
  <testcase name="googleTitleTest" time="4.426" classname="com.testNG_Demo.NewTest_GoogleTest"/>
  <testcase name="googleURl" time="4.825" classname="com.testNG_Demo.NewTest_GoogleTest"/>
  <testcase name="googleLogoTest" time="4.302" classname="com.testNG_Demo.NewTest_GoogleTest"/>
</testsuite> <!-- com.testNG_Demo.NewTest_GoogleTest -->
