<?xml version="1.0" encoding="UTF-8"?>
<!-- Generated by org.testng.reporters.JUnitReportReporter -->
<testsuite skipped="0" hostname="LAPTOP-V2OLUBP4" name="captureScreenShot.FacebookScreenshot" tests="1" failures="0" timestamp="18 Jun 2019 03:34:45 GMT" time="4.550" errors="0">
  <testcase name="screenShot" time="4.550" classname="captureScreenShot.FacebookScreenshot"/>
</testsuite> <!-- captureScreenShot.FacebookScreenshot -->
