<?xml version="1.0" encoding="UTF-8"?>
<!-- Generated by org.testng.reporters.JUnitReportReporter -->
<testsuite skipped="0" hostname="LAPTOP-V2OLUBP4" name="frameworkDemo.NewTest_PasswdTest" tests="1" failures="0" timestamp="08 Jun 2019 17:44:49 GMT" time="5.709" errors="0">
  <testcase name="f" time="5.709" classname="frameworkDemo.NewTest_PasswdTest"/>
</testsuite> <!-- frameworkDemo.NewTest_PasswdTest -->
