<?xml version="1.0" encoding="UTF-8"?>
<!-- Generated by org.testng.reporters.JUnitReportReporter -->
<testsuite skipped="0" hostname="LAPTOP-V2OLUBP4" name="frameworkDemo.NewTest_HomePageTest" tests="1" failures="0" timestamp="14 Jun 2019 23:40:43 GMT" time="9.198" errors="0">
  <testcase name="f" time="9.198" classname="frameworkDemo.NewTest_HomePageTest"/>
</testsuite> <!-- frameworkDemo.NewTest_HomePageTest -->
