<?xml version="1.0" encoding="UTF-8"?>
<!-- Generated by org.testng.reporters.JUnitReportReporter -->
<testsuite skipped="0" hostname="LAPTOP-V2OLUBP4" name="com_DataProvider.NewTest_FBBirthDate_YearTest" tests="3" failures="0" timestamp="18 Jun 2019 05:28:31 GMT" time="20.405" errors="0">
  <testcase name="f" time="6.757" classname="com_DataProvider.NewTest_FBBirthDate_YearTest"/>
  <testcase name="f" time="6.587" classname="com_DataProvider.NewTest_FBBirthDate_YearTest"/>
  <testcase name="f" time="7.061" classname="com_DataProvider.NewTest_FBBirthDate_YearTest"/>
</testsuite> <!-- com_DataProvider.NewTest_FBBirthDate_YearTest -->
