<?xml version="1.0" encoding="UTF-8"?>
<!-- Generated by org.testng.reporters.JUnitReportReporter -->
<testsuite skipped="0" hostname="LAPTOP-V2OLUBP4" name="com_DataProvider.NewTest_FBAcount" tests="3" failures="0" timestamp="09 Jun 2019 06:47:27 GMT" time="25.248" errors="0">
  <testcase name="f" time="8.213" classname="com_DataProvider.NewTest_FBAcount"/>
  <testcase name="f" time="8.215" classname="com_DataProvider.NewTest_FBAcount"/>
  <testcase name="f" time="8.820" classname="com_DataProvider.NewTest_FBAcount"/>
</testsuite> <!-- com_DataProvider.NewTest_FBAcount -->
