<?xml version="1.0" encoding="UTF-8"?>
<!-- Generated by org.testng.reporters.JUnitReportReporter -->
<testsuite skipped="0" hostname="LAPTOP-V2OLUBP4" name="ListernerDemo.TestCase" tests="1" failures="0" timestamp="13 Jun 2019 03:41:22 GMT" time="4.930" errors="0">
  <testcase name="googleTitleVerify" time="4.930" classname="ListernerDemo.TestCase"/>
</testsuite> <!-- ListernerDemo.TestCase -->
