<?xml version="1.0" encoding="UTF-8"?>
<!-- Generated by org.testng.reporters.JUnitReportReporter -->
<testsuite skipped="0" hostname="LAPTOP-V2OLUBP4" name="frameworkDemo.NewTest_Priority" tests="4" failures="0" timestamp="08 Jun 2019 14:38:41 GMT" time="0.000" errors="0">
  <testcase name="first" time="0.000" classname="frameworkDemo.NewTest_Priority"/>
  <testcase name="second" time="0.000" classname="frameworkDemo.NewTest_Priority"/>
  <testcase name="third" time="0.000" classname="frameworkDemo.NewTest_Priority"/>
  <testcase name="fourth" time="0.000" classname="frameworkDemo.NewTest_Priority"/>
</testsuite> <!-- frameworkDemo.NewTest_Priority -->
