<?xml version="1.0" encoding="UTF-8"?>
<!-- Generated by org.testng.reporters.JUnitReportReporter -->
<testsuite skipped="0" hostname="LAPTOP-V2OLUBP4" name="ExcelDataProviderDemo.FacebookExcelData" tests="3" failures="0" timestamp="18 Jun 2019 10:21:40 GMT" time="6.684" errors="0">
  <testcase name="facebookAccount" time="2.164" classname="ExcelDataProviderDemo.FacebookExcelData"/>
  <testcase name="facebookAccount" time="2.155" classname="ExcelDataProviderDemo.FacebookExcelData"/>
  <testcase name="facebookAccount" time="2.365" classname="ExcelDataProviderDemo.FacebookExcelData"/>
</testsuite> <!-- ExcelDataProviderDemo.FacebookExcelData -->
