<?xml version="1.0" encoding="UTF-8"?>
<!-- Generated by org.testng.reporters.JUnitReportReporter -->
<testsuite skipped="0" hostname="LAPTOP-V2OLUBP4" name="com_DataProvider.NewTest_FBBirthDateTest" tests="6" failures="0" timestamp="14 Jun 2019 01:03:29 GMT" time="56.861" errors="0">
  <testcase name="f" time="10.095" classname="com_DataProvider.NewTest_FBBirthDateTest"/>
  <testcase name="f" time="9.362" classname="com_DataProvider.NewTest_FBBirthDateTest"/>
  <testcase name="f" time="9.291" classname="com_DataProvider.NewTest_FBBirthDateTest"/>
  <testcase name="f" time="9.409" classname="com_DataProvider.NewTest_FBBirthDateTest"/>
  <testcase name="f" time="9.389" classname="com_DataProvider.NewTest_FBBirthDateTest"/>
  <testcase name="f" time="9.315" classname="com_DataProvider.NewTest_FBBirthDateTest"/>
</testsuite> <!-- com_DataProvider.NewTest_FBBirthDateTest -->
