<?xml version="1.0" encoding="UTF-8"?>
<!-- Generated by org.testng.reporters.JUnitReportReporter -->
<testsuite skipped="0" hostname="LAPTOP-V2OLUBP4" name="pageObjectModel.TestCaseClass" tests="1" failures="0" timestamp="03 Jun 2019 22:36:33 GMT" time="7.979" errors="0">
  <testcase name="verifyLogin" time="7.979" classname="pageObjectModel.TestCaseClass"/>
</testsuite> <!-- pageObjectModel.TestCaseClass -->
