<?xml version="1.0" encoding="UTF-8"?>
<!-- Generated by org.testng.reporters.JUnitReportReporter -->
<testsuite skipped="0" hostname="LAPTOP-V2OLUBP4" name="pageObjectModel.NewTest_SpiceJetLogInTest" tests="1" failures="0" timestamp="12 Jun 2019 20:53:34 GMT" time="14.002" errors="0">
  <testcase name="f" time="14.002" classname="pageObjectModel.NewTest_SpiceJetLogInTest"/>
</testsuite> <!-- pageObjectModel.NewTest_SpiceJetLogInTest -->
