<?xml version="1.0" encoding="UTF-8"?>
<!-- Generated by org.testng.reporters.JUnitReportReporter -->
<testsuite skipped="0" hostname="LAPTOP-V2OLUBP4" name="pageObjectModel.NewTest_TestCaseByFindLogin" tests="1" failures="0" timestamp="07 Jun 2019 16:21:08 GMT" time="8.548" errors="0">
  <testcase name="verifylogIn" time="8.548" classname="pageObjectModel.NewTest_TestCaseByFindLogin"/>
</testsuite> <!-- pageObjectModel.NewTest_TestCaseByFindLogin -->
