<?xml version="1.0" encoding="UTF-8"?>
<!-- Generated by org.testng.reporters.JUnitReportReporter -->
<testsuite skipped="0" hostname="LAPTOP-V2OLUBP4" name="frameworkDemo.NewTest_ProviderData" tests="3" failures="0" timestamp="08 Jun 2019 15:24:22 GMT" time="0.000" errors="0">
  <testcase name="f" time="0.000" classname="frameworkDemo.NewTest_ProviderData"/>
  <testcase name="f" time="0.000" classname="frameworkDemo.NewTest_ProviderData"/>
  <testcase name="f" time="0.000" classname="frameworkDemo.NewTest_ProviderData"/>
</testsuite> <!-- frameworkDemo.NewTest_ProviderData -->
