<?xml version="1.0" encoding="UTF-8"?>
<!-- Generated by org.testng.reporters.JUnitReportReporter -->
<testsuite skipped="0" hostname="LAPTOP-V2OLUBP4" name="com.testNGDemo.NewTest_TestB" tests="2" failures="0" timestamp="13 Jun 2019 01:26:39 GMT" time="0.007" errors="0">
  <testcase name="f" time="0.001" classname="com.testNGDemo.NewTest_TestB"/>
  <testcase name="f" time="0.006" classname="com.testNGDemo.NewTest_TestB"/>
</testsuite> <!-- com.testNGDemo.NewTest_TestB -->
