<?xml version="1.0" encoding="UTF-8"?>
<!-- Generated by org.testng.reporters.JUnitReportReporter -->
<testsuite skipped="0" hostname="LAPTOP-V2OLUBP4" name="pageObjectModel.NewTest_WordPressTest" tests="1" failures="0" timestamp="07 Jun 2019 19:34:20 GMT" time="10.462" errors="0">
  <testcase name="verifyValidLogin" time="10.462" classname="pageObjectModel.NewTest_WordPressTest"/>
</testsuite> <!-- pageObjectModel.NewTest_WordPressTest -->
