<?xml version="1.0" encoding="UTF-8"?>
<!-- Generated by org.testng.reporters.JUnitReportReporter -->
<testsuite skipped="0" hostname="LAPTOP-V2OLUBP4" name="com.testNGDemo.NewTest_ExceptionTimeOutTest" tests="1" failures="0" timestamp="13 Jun 2019 01:37:59 GMT" time="0.006" errors="0">
  <testcase name="infinitLoopTest" time="0.006" classname="com.testNGDemo.NewTest_ExceptionTimeOutTest"/>
</testsuite> <!-- com.testNGDemo.NewTest_ExceptionTimeOutTest -->
