<?xml version="1.0" encoding="UTF-8"?>
<!-- Generated by org.testng.reporters.JUnitReportReporter -->
<testsuite skipped="0" hostname="LAPTOP-V2OLUBP4" name="com_DataProvider.NewTest_FBTwoDimTest" tests="3" failures="0" timestamp="14 Jun 2019 00:35:31 GMT" time="13.787" errors="0">
  <testcase name="f" time="4.399" classname="com_DataProvider.NewTest_FBTwoDimTest"/>
  <testcase name="f" time="4.996" classname="com_DataProvider.NewTest_FBTwoDimTest"/>
  <testcase name="f" time="4.392" classname="com_DataProvider.NewTest_FBTwoDimTest"/>
</testsuite> <!-- com_DataProvider.NewTest_FBTwoDimTest -->
