<?xml version="1.0" encoding="UTF-8"?>
<!-- Generated by org.testng.reporters.JUnitReportReporter -->
<testsuite skipped="0" hostname="LAPTOP-V2OLUBP4" name="com_DataProvider.NewTest_FBBirthDateTest" tests="6" failures="0" timestamp="28 Jun 2019 11:07:54 GMT" time="57.981" errors="0">
  <testcase name="f" time="9.516" classname="com_DataProvider.NewTest_FBBirthDateTest"/>
  <testcase name="f" time="9.530" classname="com_DataProvider.NewTest_FBBirthDateTest"/>
  <testcase name="f" time="9.593" classname="com_DataProvider.NewTest_FBBirthDateTest"/>
  <testcase name="f" time="10.154" classname="com_DataProvider.NewTest_FBBirthDateTest"/>
  <testcase name="f" time="9.595" classname="com_DataProvider.NewTest_FBBirthDateTest"/>
  <testcase name="f" time="9.593" classname="com_DataProvider.NewTest_FBBirthDateTest"/>
</testsuite> <!-- com_DataProvider.NewTest_FBBirthDateTest -->
