<?xml version="1.0" encoding="UTF-8"?>
<!-- Generated by org.testng.reporters.JUnitReportReporter -->
<testsuite skipped="0" hostname="LAPTOP-V2OLUBP4" name="com.testNG_Demo.NewTest_testNGFeaturesTest" tests="3" failures="0" timestamp="12 Jun 2019 01:35:16 GMT" time="0.008" errors="0">
  <testcase name="loginTest" time="0.006" classname="com.testNG_Demo.NewTest_testNGFeaturesTest"/>
  <testcase name="homePageTest" time="0.001" classname="com.testNG_Demo.NewTest_testNGFeaturesTest"/>
  <testcase name="searchPageTest" time="0.001" classname="com.testNG_Demo.NewTest_testNGFeaturesTest"/>
</testsuite> <!-- com.testNG_Demo.NewTest_testNGFeaturesTest -->
