<?xml version="1.0" encoding="UTF-8"?>
<!-- Generated by org.testng.reporters.JUnitReportReporter -->
<testsuite skipped="0" hostname="LAPTOP-V2OLUBP4" name="com.testNGDemo.NewTest_GoogleTest" tests="3" failures="0" timestamp="13 Jun 2019 01:34:48 GMT" time="13.294" errors="0">
  <testcase name="googleTitleTest" time="4.234" classname="com.testNGDemo.NewTest_GoogleTest"/>
  <testcase name="googleURl" time="4.773" classname="com.testNGDemo.NewTest_GoogleTest"/>
  <testcase name="googleLogoTest" time="4.287" classname="com.testNGDemo.NewTest_GoogleTest"/>
</testsuite> <!-- com.testNGDemo.NewTest_GoogleTest -->
