<?xml version="1.0" encoding="UTF-8"?>
<!-- Generated by org.testng.reporters.JUnitReportReporter -->
<testsuite skipped="0" hostname="LAPTOP-V2OLUBP4" name="com.testNGDemo.NewTest" tests="2" failures="0" timestamp="12 Jun 2019 19:10:52 GMT" time="0.005" errors="0">
  <testcase name="f" time="0.000" classname="com.testNGDemo.NewTest"/>
  <testcase name="f" time="0.005" classname="com.testNGDemo.NewTest"/>
</testsuite> <!-- com.testNGDemo.NewTest -->
