<?xml version="1.0" encoding="UTF-8"?>
<!-- Generated by org.testng.reporters.JUnitReportReporter -->
<testsuite skipped="0" hostname="LAPTOP-V2OLUBP4" name="com.testNG_Demo.NewTest_InvocationCountTest" tests="7" failures="0" timestamp="12 Jun 2019 01:54:36 GMT" time="0.011" errors="0">
  <testcase name="sum" time="0.000" classname="com.testNG_Demo.NewTest_InvocationCountTest"/>
  <testcase name="sum" time="0.001" classname="com.testNG_Demo.NewTest_InvocationCountTest"/>
  <testcase name="sum" time="0.001" classname="com.testNG_Demo.NewTest_InvocationCountTest"/>
  <testcase name="sum" time="0.007" classname="com.testNG_Demo.NewTest_InvocationCountTest"/>
  <testcase name="sum" time="0.000" classname="com.testNG_Demo.NewTest_InvocationCountTest"/>
  <testcase name="sum" time="0.001" classname="com.testNG_Demo.NewTest_InvocationCountTest"/>
  <testcase name="sum" time="0.001" classname="com.testNG_Demo.NewTest_InvocationCountTest"/>
</testsuite> <!-- com.testNG_Demo.NewTest_InvocationCountTest -->
