<?xml version="1.0" encoding="UTF-8"?>
<!-- Generated by org.testng.reporters.JUnitReportReporter -->
<testsuite skipped="0" hostname="LAPTOP-V2OLUBP4" name="com_DataProvider.NewTest_FBLoginTest" tests="1" failures="0" timestamp="14 Jun 2019 23:58:45 GMT" time="12.303" errors="0">
  <testcase name="f" time="12.303" classname="com_DataProvider.NewTest_FBLoginTest"/>
</testsuite> <!-- com_DataProvider.NewTest_FBLoginTest -->
