<?xml version="1.0" encoding="UTF-8"?>
<!-- Generated by org.testng.reporters.JUnitReportReporter -->
<testsuite skipped="0" hostname="LAPTOP-V2OLUBP4" name="com_DataProvider.NewTest_KaldisHomePageTest" tests="5" failures="0" timestamp="18 Jun 2019 05:29:42 GMT" time="12.971" errors="0">
  <testcase name="f" time="2.493" classname="com_DataProvider.NewTest_KaldisHomePageTest"/>
  <testcase name="f" time="2.520" classname="com_DataProvider.NewTest_KaldisHomePageTest"/>
  <testcase name="f" time="2.589" classname="com_DataProvider.NewTest_KaldisHomePageTest"/>
  <testcase name="f" time="2.781" classname="com_DataProvider.NewTest_KaldisHomePageTest"/>
  <testcase name="f" time="2.588" classname="com_DataProvider.NewTest_KaldisHomePageTest"/>
</testsuite> <!-- com_DataProvider.NewTest_KaldisHomePageTest -->
