<?xml version="1.0" encoding="UTF-8"?>
<!-- Generated by org.testng.reporters.JUnitReportReporter -->
<testsuite skipped="0" hostname="LAPTOP-V2OLUBP4" name="com.testNGDemo.NewTest_GoogleTitleTest" tests="2" failures="0" timestamp="13 Jun 2019 01:33:03 GMT" time="9.060" errors="0">
  <testcase name="verifygoogleTitleTest" time="4.783" classname="com.testNGDemo.NewTest_GoogleTitleTest"/>
  <testcase name="googleLogoTest" time="4.277" classname="com.testNGDemo.NewTest_GoogleTitleTest"/>
</testsuite> <!-- com.testNGDemo.NewTest_GoogleTitleTest -->
