<?xml version="1.0" encoding="UTF-8"?>
<!-- Generated by org.testng.reporters.JUnitReportReporter -->
<testsuite skipped="0" hostname="LAPTOP-V2OLUBP4" name="com.testNGDemo.NewTest_TestA" tests="1" failures="0" timestamp="13 Jun 2019 01:26:25 GMT" time="0.004" errors="0">
  <testcase name="TestA" time="0.004" classname="com.testNGDemo.NewTest_TestA"/>
</testsuite> <!-- com.testNGDemo.NewTest_TestA -->
