<?xml version="1.0" encoding="UTF-8"?>
<!-- Generated by org.testng.reporters.JUnitReportReporter -->
<testsuite skipped="0" hostname="LAPTOP-V2OLUBP4" name="com.maven.test.MathTest" tests="4" failures="0" timestamp="18 Jun 2019 04:45:34 GMT" time="0.000" errors="0">
  <testcase name="sum" time="0.000" classname="com.maven.test.MathTest"/>
  <testcase name="sub" time="0.000" classname="com.maven.test.MathTest"/>
  <testcase name="multi" time="0.000" classname="com.maven.test.MathTest"/>
  <testcase name="div" time="0.000" classname="com.maven.test.MathTest"/>
</testsuite> <!-- com.maven.test.MathTest -->
